<?xml version="1.0" encoding="UTF-8"?>
<!-- Generated by org.testng.reporters.JUnitReportReporter -->
<testsuite hostname="fedora" failures="0" tests="1" name="TryPackage.ParallelTest" time="3.190" errors="0" timestamp="2025-01-31T00:29:33 IST" skipped="0">
  <testcase classname="TryPackage.ParallelTest" name="login" time="3.190"/>
</testsuite> <!-- TryPackage.ParallelTest -->
