<?xml version="1.0" encoding="UTF-8"?>
<!-- Generated by org.testng.reporters.JUnitReportReporter -->
<testsuite hostname="fedora" failures="0" tests="3" name="TryPackage.ParallelTest" time="49.863" errors="0" timestamp="2025-02-02T20:42:51 IST" skipped="0">
  <testcase classname="TryPackage.ParallelTest" name="login" time="21.088"/>
  <testcase classname="TryPackage.ParallelTest" name="login" time="18.050"/>
  <testcase classname="TryPackage.ParallelTest" name="login" time="10.725"/>
</testsuite> <!-- TryPackage.ParallelTest -->
