<?xml version="1.0" encoding="UTF-8"?>
<!-- Generated by org.testng.reporters.JUnitReportReporter -->
<testsuite hostname="fedora" failures="0" tests="1" name="TryPackage.Methods" time="0.021" errors="0" timestamp="2025-01-27T22:34:23 IST" skipped="0">
  <testcase classname="TryPackage.Methods" name="test" time="0.021"/>
</testsuite> <!-- TryPackage.Methods -->
